


=========================================================================
|Top 5 CP có GT khớp lệnh cao nhất											|
=========================================================================
|			HAG		|		 123,260,000,000			|
=========================================================================

+++++++++++++++++++++++++++++++++++++++++++++++++++++++++++++++++++++++++++++
+ STOCK: HAG											+
+++++++++++++++++++++++++++++++++++++++++++++++++++++++++++++++++++++++++++++
+ Price Close:  22,800												+
+++++++++++++++++++++++++++++++++++++++++++++++++++++++++++++++++++++++++++++
|			SSI		|		 121,385,000,000			|
=========================================================================

+++++++++++++++++++++++++++++++++++++++++++++++++++++++++++++++++++++++++++++
+ STOCK: SSI											+
+++++++++++++++++++++++++++++++++++++++++++++++++++++++++++++++++++++++++++++
+ Price Close:  22,800												+
+++++++++++++++++++++++++++++++++++++++++++++++++++++++++++++++++++++++++++++
|			REE		|		 111,733,000,000			|
=========================================================================

+++++++++++++++++++++++++++++++++++++++++++++++++++++++++++++++++++++++++++++
+ STOCK: REE											+
+++++++++++++++++++++++++++++++++++++++++++++++++++++++++++++++++++++++++++++
+ Price Close:  33,400												+
+++++++++++++++++++++++++++++++++++++++++++++++++++++++++++++++++++++++++++++
|			FLC		|		 59,705,000,000			|
=========================================================================

+++++++++++++++++++++++++++++++++++++++++++++++++++++++++++++++++++++++++++++
+ STOCK: FLC											+
+++++++++++++++++++++++++++++++++++++++++++++++++++++++++++++++++++++++++++++
+ Price Close:  9,600												+
+++++++++++++++++++++++++++++++++++++++++++++++++++++++++++++++++++++++++++++
|			ITA		|		 54,169,000,000			|
=========================================================================

+++++++++++++++++++++++++++++++++++++++++++++++++++++++++++++++++++++++++++++
+ STOCK: ITA											+
+++++++++++++++++++++++++++++++++++++++++++++++++++++++++++++++++++++++++++++
+ Price Close:  7,400												+
+++++++++++++++++++++++++++++++++++++++++++++++++++++++++++++++++++++++++++++
